c:\qt\6.5.2\msvc2019_64\qml\fluentui\controls\colorpicker\colorpicker.qml
c:\qt\6.5.2\msvc2019_64\qml\fluentui\controls\colorpicker\content\checkerboard.qml
c:\qt\6.5.2\msvc2019_64\qml\fluentui\controls\colorpicker\content\colorslider.qml
c:\qt\6.5.2\msvc2019_64\qml\fluentui\controls\colorpicker\content\numberbox.qml
c:\qt\6.5.2\msvc2019_64\qml\fluentui\controls\colorpicker\content\panelborder.qml
c:\qt\6.5.2\msvc2019_64\qml\fluentui\controls\colorpicker\content\sbpicker.qml
c:\qt\6.5.2\msvc2019_64\qml\fluentui\controls\fluacrylic.qml
c:\qt\6.5.2\msvc2019_64\qml\fluentui\controls\fluappbar.qml
c:\qt\6.5.2\msvc2019_64\qml\fluentui\controls\fluarea.qml
c:\qt\6.5.2\msvc2019_64\qml\fluentui\controls\fluautosuggestbox.qml
c:\qt\6.5.2\msvc2019_64\qml\fluentui\controls\flubadge.qml
c:\qt\6.5.2\msvc2019_64\qml\fluentui\controls\flubreadcrumbbar.qml
c:\qt\6.5.2\msvc2019_64\qml\fluentui\controls\flubutton.qml
c:\qt\6.5.2\msvc2019_64\qml\fluentui\controls\flucalendarpicker.qml
c:\qt\6.5.2\msvc2019_64\qml\fluentui\controls\flucalendarview.qml
c:\qt\6.5.2\msvc2019_64\qml\fluentui\controls\flucarousel.qml
c:\qt\6.5.2\msvc2019_64\qml\fluentui\controls\fluchart.qml
c:\qt\6.5.2\msvc2019_64\qml\fluentui\controls\flucheckbox.qml
c:\qt\6.5.2\msvc2019_64\qml\fluentui\controls\flucolorpicker.qml
c:\qt\6.5.2\msvc2019_64\qml\fluentui\controls\flucolorview.qml
c:\qt\6.5.2\msvc2019_64\qml\fluentui\controls\flucombobox.qml
c:\qt\6.5.2\msvc2019_64\qml\fluentui\controls\flucontentdialog.qml
c:\qt\6.5.2\msvc2019_64\qml\fluentui\controls\flucontentpage.qml
c:\qt\6.5.2\msvc2019_64\qml\fluentui\controls\flucontrol.qml
c:\qt\6.5.2\msvc2019_64\qml\fluentui\controls\flucopyabletext.qml
c:\qt\6.5.2\msvc2019_64\qml\fluentui\controls\fludatepicker.qml
c:\qt\6.5.2\msvc2019_64\qml\fluentui\controls\fludivider.qml
c:\qt\6.5.2\msvc2019_64\qml\fluentui\controls\fludropdownbutton.qml
c:\qt\6.5.2\msvc2019_64\qml\fluentui\controls\fluexpander.qml
c:\qt\6.5.2\msvc2019_64\qml\fluentui\controls\flufilledbutton.qml
c:\qt\6.5.2\msvc2019_64\qml\fluentui\controls\fluflipview.qml
c:\qt\6.5.2\msvc2019_64\qml\fluentui\controls\flufocusrectangle.qml
c:\qt\6.5.2\msvc2019_64\qml\fluentui\controls\fluicon.qml
c:\qt\6.5.2\msvc2019_64\qml\fluentui\controls\fluiconbutton.qml
c:\qt\6.5.2\msvc2019_64\qml\fluentui\controls\fluimage.qml
c:\qt\6.5.2\msvc2019_64\qml\fluentui\controls\fluinfobar.qml
c:\qt\6.5.2\msvc2019_64\qml\fluentui\controls\fluitem.qml
c:\qt\6.5.2\msvc2019_64\qml\fluentui\controls\fluitemdelegate.qml
c:\qt\6.5.2\msvc2019_64\qml\fluentui\controls\flumenu.qml
c:\qt\6.5.2\msvc2019_64\qml\fluentui\controls\flumenubar.qml
c:\qt\6.5.2\msvc2019_64\qml\fluentui\controls\flumenubaritem.qml
c:\qt\6.5.2\msvc2019_64\qml\fluentui\controls\flumenuitem.qml
c:\qt\6.5.2\msvc2019_64\qml\fluentui\controls\flumenuseparator.qml
c:\qt\6.5.2\msvc2019_64\qml\fluentui\controls\flumultilinetextbox.qml
c:\qt\6.5.2\msvc2019_64\qml\fluentui\controls\flunavigationview.qml
c:\qt\6.5.2\msvc2019_64\qml\fluentui\controls\fluobject.qml
c:\qt\6.5.2\msvc2019_64\qml\fluentui\controls\flupage.qml
c:\qt\6.5.2\msvc2019_64\qml\fluentui\controls\flupagination.qml
c:\qt\6.5.2\msvc2019_64\qml\fluentui\controls\flupaneitem.qml
c:\qt\6.5.2\msvc2019_64\qml\fluentui\controls\flupaneitemempty.qml
c:\qt\6.5.2\msvc2019_64\qml\fluentui\controls\flupaneitemexpander.qml
c:\qt\6.5.2\msvc2019_64\qml\fluentui\controls\flupaneitemheader.qml
c:\qt\6.5.2\msvc2019_64\qml\fluentui\controls\flupaneitemseparator.qml
c:\qt\6.5.2\msvc2019_64\qml\fluentui\controls\flupasswordbox.qml
c:\qt\6.5.2\msvc2019_64\qml\fluentui\controls\flupivot.qml
c:\qt\6.5.2\msvc2019_64\qml\fluentui\controls\flupivotitem.qml
c:\qt\6.5.2\msvc2019_64\qml\fluentui\controls\flupopup.qml
c:\qt\6.5.2\msvc2019_64\qml\fluentui\controls\fluprogressbar.qml
c:\qt\6.5.2\msvc2019_64\qml\fluentui\controls\fluprogressring.qml
c:\qt\6.5.2\msvc2019_64\qml\fluentui\controls\fluqrcode.qml
c:\qt\6.5.2\msvc2019_64\qml\fluentui\controls\fluradiobutton.qml
c:\qt\6.5.2\msvc2019_64\qml\fluentui\controls\fluradiobuttons.qml
c:\qt\6.5.2\msvc2019_64\qml\fluentui\controls\fluratingcontrol.qml
c:\qt\6.5.2\msvc2019_64\qml\fluentui\controls\flurectangle.qml
c:\qt\6.5.2\msvc2019_64\qml\fluentui\controls\fluremoteloader.qml
c:\qt\6.5.2\msvc2019_64\qml\fluentui\controls\fluscreenshot.qml
c:\qt\6.5.2\msvc2019_64\qml\fluentui\controls\fluscrollbar.qml
c:\qt\6.5.2\msvc2019_64\qml\fluentui\controls\fluscrollindicator.qml
c:\qt\6.5.2\msvc2019_64\qml\fluentui\controls\fluscrollablepage.qml
c:\qt\6.5.2\msvc2019_64\qml\fluentui\controls\flushadow.qml
c:\qt\6.5.2\msvc2019_64\qml\fluentui\controls\fluslider.qml
c:\qt\6.5.2\msvc2019_64\qml\fluentui\controls\fluspinbox.qml
c:\qt\6.5.2\msvc2019_64\qml\fluentui\controls\flustatusview.qml
c:\qt\6.5.2\msvc2019_64\qml\fluentui\controls\flutabview.qml
c:\qt\6.5.2\msvc2019_64\qml\fluentui\controls\flutablemodelcolumn.qml
c:\qt\6.5.2\msvc2019_64\qml\fluentui\controls\flutableview.qml
c:\qt\6.5.2\msvc2019_64\qml\fluentui\controls\flutext.qml
c:\qt\6.5.2\msvc2019_64\qml\fluentui\controls\flutextbox.qml
c:\qt\6.5.2\msvc2019_64\qml\fluentui\controls\flutextboxbackground.qml
c:\qt\6.5.2\msvc2019_64\qml\fluentui\controls\flutextboxmenu.qml
c:\qt\6.5.2\msvc2019_64\qml\fluentui\controls\flutextbutton.qml
c:\qt\6.5.2\msvc2019_64\qml\fluentui\controls\flutimepicker.qml
c:\qt\6.5.2\msvc2019_64\qml\fluentui\controls\flutimeline.qml
c:\qt\6.5.2\msvc2019_64\qml\fluentui\controls\flutogglebutton.qml
c:\qt\6.5.2\msvc2019_64\qml\fluentui\controls\flutoggleswitch.qml
c:\qt\6.5.2\msvc2019_64\qml\fluentui\controls\flutooltip.qml
c:\qt\6.5.2\msvc2019_64\qml\fluentui\controls\flutour.qml
c:\qt\6.5.2\msvc2019_64\qml\fluentui\controls\flutreeview.qml
c:\qt\6.5.2\msvc2019_64\qml\fluentui\controls\fluwindow.qml
c:\qt\6.5.2\msvc2019_64\qml\fluentui\font\segoe_fluent_icons.ttf
c:\qt\6.5.2\msvc2019_64\qml\fluentui\image\noise.png
c:\qt\6.5.2\msvc2019_64\qml\fluentui\js\chart.js
e:\mfd\tierpsy-advance-gui\tierpsy\build\.packages\f\fluentuiplugin\latest\cache\build_8574311f\src\cmakefiles\generate.stamp
e:\mfd\tierpsy-advance-gui\tierpsy\build\.packages\f\fluentuiplugin\latest\cache\build_8574311f\src\x64\release\fluentui.c42329ea.tlog\custombuild.command.1.tlog
e:\mfd\tierpsy-advance-gui\tierpsy\build\.packages\f\fluentuiplugin\latest\cache\build_8574311f\src\x64\release\fluentui.c42329ea.tlog\custombuild.read.1.tlog
e:\mfd\tierpsy-advance-gui\tierpsy\build\.packages\f\fluentuiplugin\latest\cache\build_8574311f\src\x64\release\fluentui.c42329ea.tlog\custombuild.write.1.tlog
