e:\mfd\tierpsy-advance-gui\tierpsy\build\.packages\f\fluentuiplugin\latest\cache\build_8574311f\framelesshelper\src\widgets\widgets.dir\release\mocs_compilation_release.obj
e:\mfd\tierpsy-advance-gui\tierpsy\build\.packages\f\fluentuiplugin\latest\cache\build_8574311f\framelesshelper\src\widgets\widgets.dir\release\framelessdialog.obj
e:\mfd\tierpsy-advance-gui\tierpsy\build\.packages\f\fluentuiplugin\latest\cache\build_8574311f\framelesshelper\src\widgets\widgets.dir\release\framelesshelperwidgets_global.obj
e:\mfd\tierpsy-advance-gui\tierpsy\build\.packages\f\fluentuiplugin\latest\cache\build_8574311f\framelesshelper\src\widgets\widgets.dir\release\widgetssharedhelper.obj
e:\mfd\tierpsy-advance-gui\tierpsy\build\.packages\f\fluentuiplugin\latest\cache\build_8574311f\framelesshelper\src\widgets\widgets.dir\release\standardtitlebar.obj
e:\mfd\tierpsy-advance-gui\tierpsy\build\.packages\f\fluentuiplugin\latest\cache\build_8574311f\framelesshelper\src\widgets\widgets.dir\release\standardsystembutton.obj
e:\mfd\tierpsy-advance-gui\tierpsy\build\.packages\f\fluentuiplugin\latest\cache\build_8574311f\framelesshelper\src\widgets\widgets.dir\release\framelesswidget.obj
e:\mfd\tierpsy-advance-gui\tierpsy\build\.packages\f\fluentuiplugin\latest\cache\build_8574311f\framelesshelper\src\widgets\widgets.dir\release\framelesswidgetshelper.obj
e:\mfd\tierpsy-advance-gui\tierpsy\build\.packages\f\fluentuiplugin\latest\cache\build_8574311f\framelesshelper\src\widgets\widgets.dir\release\framelessmainwindow.obj
e:\mfd\tierpsy-advance-gui\tierpsy\build\.packages\f\fluentuiplugin\latest\cache\build_8574311f\framelesshelper\src\widgets\cmakefiles\generate.stamp
e:\mfd\tierpsy-advance-gui\tierpsy\build\.packages\f\fluentuiplugin\latest\cache\build_8574311f\framelesshelper\lib64\release\framelesshelperwidgets.lib
e:\mfd\tierpsy-advance-gui\tierpsy\build\.packages\f\fluentuiplugin\latest\cache\build_8574311f\framelesshelper\src\widgets\widgets.dir\release\widgets.tlog\cl.command.1.tlog
e:\mfd\tierpsy-advance-gui\tierpsy\build\.packages\f\fluentuiplugin\latest\cache\build_8574311f\framelesshelper\src\widgets\widgets.dir\release\widgets.tlog\cl.read.1.tlog
e:\mfd\tierpsy-advance-gui\tierpsy\build\.packages\f\fluentuiplugin\latest\cache\build_8574311f\framelesshelper\src\widgets\widgets.dir\release\widgets.tlog\cl.write.1.tlog
e:\mfd\tierpsy-advance-gui\tierpsy\build\.packages\f\fluentuiplugin\latest\cache\build_8574311f\framelesshelper\src\widgets\widgets.dir\release\widgets.tlog\custombuild.command.1.tlog
e:\mfd\tierpsy-advance-gui\tierpsy\build\.packages\f\fluentuiplugin\latest\cache\build_8574311f\framelesshelper\src\widgets\widgets.dir\release\widgets.tlog\custombuild.read.1.tlog
e:\mfd\tierpsy-advance-gui\tierpsy\build\.packages\f\fluentuiplugin\latest\cache\build_8574311f\framelesshelper\src\widgets\widgets.dir\release\widgets.tlog\custombuild.write.1.tlog
e:\mfd\tierpsy-advance-gui\tierpsy\build\.packages\f\fluentuiplugin\latest\cache\build_8574311f\framelesshelper\src\widgets\widgets.dir\release\widgets.tlog\lib-link.read.1.tlog
e:\mfd\tierpsy-advance-gui\tierpsy\build\.packages\f\fluentuiplugin\latest\cache\build_8574311f\framelesshelper\src\widgets\widgets.dir\release\widgets.tlog\lib-link.write.1.tlog
e:\mfd\tierpsy-advance-gui\tierpsy\build\.packages\f\fluentuiplugin\latest\cache\build_8574311f\framelesshelper\src\widgets\widgets.dir\release\widgets.tlog\lib.command.1.tlog
