e:\mfd\tierpsy-advance-gui\tierpsy\build\.packages\f\fluentuiplugin\latest\cache\build_8574311f\src\fluentuiplugin.dir\release\fluentuiplugin_qmltyperegistrations.obj
e:\mfd\tierpsy-advance-gui\tierpsy\build\.packages\f\fluentuiplugin\latest\cache\build_8574311f\src\fluentuiplugin.dir\release\colorpicker_qml.obj
e:\mfd\tierpsy-advance-gui\tierpsy\build\.packages\f\fluentuiplugin\latest\cache\build_8574311f\src\fluentuiplugin.dir\release\fluentuiplugin_qmlcache_loader.obj
e:\mfd\tierpsy-advance-gui\tierpsy\build\.packages\f\fluentuiplugin\latest\cache\build_8574311f\src\fluentuiplugin.dir\release\windowhelper.obj
e:\mfd\tierpsy-advance-gui\tierpsy\build\.packages\f\fluentuiplugin\latest\cache\build_8574311f\src\fluentuiplugin.dir\release\screenshot.obj
e:\mfd\tierpsy-advance-gui\tierpsy\build\.packages\f\fluentuiplugin\latest\cache\build_8574311f\src\fluentuiplugin.dir\release\qrcode.obj
e:\mfd\tierpsy-advance-gui\tierpsy\build\.packages\f\fluentuiplugin\latest\cache\build_8574311f\src\fluentuiplugin.dir\release\mainthread.obj
e:\mfd\tierpsy-advance-gui\tierpsy\build\.packages\f\fluentuiplugin\latest\cache\build_8574311f\src\fluentuiplugin.dir\release\fluwatermark.obj
e:\mfd\tierpsy-advance-gui\tierpsy\build\.packages\f\fluentuiplugin\latest\cache\build_8574311f\src\fluentuiplugin.dir\release\flutools.obj
e:\mfd\tierpsy-advance-gui\tierpsy\build\.packages\f\fluentuiplugin\latest\cache\build_8574311f\src\fluentuiplugin.dir\release\flutheme.obj
e:\mfd\tierpsy-advance-gui\tierpsy\build\.packages\f\fluentuiplugin\latest\cache\build_8574311f\src\fluentuiplugin.dir\release\flutextstyle.obj
e:\mfd\tierpsy-advance-gui\tierpsy\build\.packages\f\fluentuiplugin\latest\cache\build_8574311f\src\fluentuiplugin.dir\release\fluregister.obj
e:\mfd\tierpsy-advance-gui\tierpsy\build\.packages\f\fluentuiplugin\latest\cache\build_8574311f\src\fluentuiplugin.dir\release\fluhttpinterceptor.obj
e:\mfd\tierpsy-advance-gui\tierpsy\build\.packages\f\fluentuiplugin\latest\cache\build_8574311f\src\fluentuiplugin.dir\release\fluhttp.obj
e:\mfd\tierpsy-advance-gui\tierpsy\build\.packages\f\fluentuiplugin\latest\cache\build_8574311f\src\fluentuiplugin.dir\release\flucolors.obj
e:\mfd\tierpsy-advance-gui\tierpsy\build\.packages\f\fluentuiplugin\latest\cache\build_8574311f\src\fluentuiplugin.dir\release\flucolorset.obj
e:\mfd\tierpsy-advance-gui\tierpsy\build\.packages\f\fluentuiplugin\latest\cache\build_8574311f\src\fluentuiplugin.dir\release\flucaptcha.obj
e:\mfd\tierpsy-advance-gui\tierpsy\build\.packages\f\fluentuiplugin\latest\cache\build_8574311f\src\fluentuiplugin.dir\release\fluapp.obj
e:\mfd\tierpsy-advance-gui\tierpsy\build\.packages\f\fluentuiplugin\latest\cache\build_8574311f\src\fluentuiplugin.dir\release\def.obj
e:\mfd\tierpsy-advance-gui\tierpsy\build\.packages\f\fluentuiplugin\latest\cache\build_8574311f\src\fluentuiplugin.dir\release\fluentuiplugin_fluentuiplugin.obj
e:\mfd\tierpsy-advance-gui\tierpsy\build\.packages\f\fluentuiplugin\latest\cache\build_8574311f\src\fluentuiplugin.dir\release\qrc_qmake_fluentui.obj
e:\mfd\tierpsy-advance-gui\tierpsy\build\.packages\f\fluentuiplugin\latest\cache\build_8574311f\src\fluentuiplugin.dir\release\flucombobox_qml.obj
e:\mfd\tierpsy-advance-gui\tierpsy\build\.packages\f\fluentuiplugin\latest\cache\build_8574311f\src\fluentuiplugin.dir\release\flucolorview_qml.obj
e:\mfd\tierpsy-advance-gui\tierpsy\build\.packages\f\fluentuiplugin\latest\cache\build_8574311f\src\fluentuiplugin.dir\release\flucolorpicker_qml.obj
e:\mfd\tierpsy-advance-gui\tierpsy\build\.packages\f\fluentuiplugin\latest\cache\build_8574311f\src\fluentuiplugin.dir\release\flucheckbox_qml.obj
e:\mfd\tierpsy-advance-gui\tierpsy\build\.packages\f\fluentuiplugin\latest\cache\build_8574311f\src\fluentuiplugin.dir\release\fluchart_qml.obj
e:\mfd\tierpsy-advance-gui\tierpsy\build\.packages\f\fluentuiplugin\latest\cache\build_8574311f\src\fluentuiplugin.dir\release\flucarousel_qml.obj
e:\mfd\tierpsy-advance-gui\tierpsy\build\.packages\f\fluentuiplugin\latest\cache\build_8574311f\src\fluentuiplugin.dir\release\flucalendarview_qml.obj
e:\mfd\tierpsy-advance-gui\tierpsy\build\.packages\f\fluentuiplugin\latest\cache\build_8574311f\src\fluentuiplugin.dir\release\flucalendarpicker_qml.obj
e:\mfd\tierpsy-advance-gui\tierpsy\build\.packages\f\fluentuiplugin\latest\cache\build_8574311f\src\fluentuiplugin.dir\release\flubutton_qml.obj
e:\mfd\tierpsy-advance-gui\tierpsy\build\.packages\f\fluentuiplugin\latest\cache\build_8574311f\src\fluentuiplugin.dir\release\flubreadcrumbbar_qml.obj
e:\mfd\tierpsy-advance-gui\tierpsy\build\.packages\f\fluentuiplugin\latest\cache\build_8574311f\src\fluentuiplugin.dir\release\flubadge_qml.obj
e:\mfd\tierpsy-advance-gui\tierpsy\build\.packages\f\fluentuiplugin\latest\cache\build_8574311f\src\fluentuiplugin.dir\release\fluautosuggestbox_qml.obj
e:\mfd\tierpsy-advance-gui\tierpsy\build\.packages\f\fluentuiplugin\latest\cache\build_8574311f\src\fluentuiplugin.dir\release\fluarea_qml.obj
e:\mfd\tierpsy-advance-gui\tierpsy\build\.packages\f\fluentuiplugin\latest\cache\build_8574311f\src\fluentuiplugin.dir\release\fluappbar_qml.obj
e:\mfd\tierpsy-advance-gui\tierpsy\build\.packages\f\fluentuiplugin\latest\cache\build_8574311f\src\fluentuiplugin.dir\release\fluacrylic_qml.obj
e:\mfd\tierpsy-advance-gui\tierpsy\build\.packages\f\fluentuiplugin\latest\cache\build_8574311f\src\fluentuiplugin.dir\release\sbpicker_qml.obj
e:\mfd\tierpsy-advance-gui\tierpsy\build\.packages\f\fluentuiplugin\latest\cache\build_8574311f\src\fluentuiplugin.dir\release\panelborder_qml.obj
e:\mfd\tierpsy-advance-gui\tierpsy\build\.packages\f\fluentuiplugin\latest\cache\build_8574311f\src\fluentuiplugin.dir\release\numberbox_qml.obj
e:\mfd\tierpsy-advance-gui\tierpsy\build\.packages\f\fluentuiplugin\latest\cache\build_8574311f\src\fluentuiplugin.dir\release\colorslider_qml.obj
e:\mfd\tierpsy-advance-gui\tierpsy\build\.packages\f\fluentuiplugin\latest\cache\build_8574311f\src\fluentuiplugin.dir\release\checkerboard_qml.obj
e:\mfd\tierpsy-advance-gui\tierpsy\build\.packages\f\fluentuiplugin\latest\cache\build_8574311f\src\fluentuiplugin.dir\release\flumenubaritem_qml.obj
e:\mfd\tierpsy-advance-gui\tierpsy\build\.packages\f\fluentuiplugin\latest\cache\build_8574311f\src\fluentuiplugin.dir\release\flumenubar_qml.obj
e:\mfd\tierpsy-advance-gui\tierpsy\build\.packages\f\fluentuiplugin\latest\cache\build_8574311f\src\fluentuiplugin.dir\release\flumenu_qml.obj
e:\mfd\tierpsy-advance-gui\tierpsy\build\.packages\f\fluentuiplugin\latest\cache\build_8574311f\src\fluentuiplugin.dir\release\fluitemdelegate_qml.obj
e:\mfd\tierpsy-advance-gui\tierpsy\build\.packages\f\fluentuiplugin\latest\cache\build_8574311f\src\fluentuiplugin.dir\release\fluitem_qml.obj
e:\mfd\tierpsy-advance-gui\tierpsy\build\.packages\f\fluentuiplugin\latest\cache\build_8574311f\src\fluentuiplugin.dir\release\fluinfobar_qml.obj
e:\mfd\tierpsy-advance-gui\tierpsy\build\.packages\f\fluentuiplugin\latest\cache\build_8574311f\src\fluentuiplugin.dir\release\fluimage_qml.obj
e:\mfd\tierpsy-advance-gui\tierpsy\build\.packages\f\fluentuiplugin\latest\cache\build_8574311f\src\fluentuiplugin.dir\release\fluiconbutton_qml.obj
e:\mfd\tierpsy-advance-gui\tierpsy\build\.packages\f\fluentuiplugin\latest\cache\build_8574311f\src\fluentuiplugin.dir\release\fluicon_qml.obj
e:\mfd\tierpsy-advance-gui\tierpsy\build\.packages\f\fluentuiplugin\latest\cache\build_8574311f\src\fluentuiplugin.dir\release\flufocusrectangle_qml.obj
e:\mfd\tierpsy-advance-gui\tierpsy\build\.packages\f\fluentuiplugin\latest\cache\build_8574311f\src\fluentuiplugin.dir\release\fluflipview_qml.obj
e:\mfd\tierpsy-advance-gui\tierpsy\build\.packages\f\fluentuiplugin\latest\cache\build_8574311f\src\fluentuiplugin.dir\release\flufilledbutton_qml.obj
e:\mfd\tierpsy-advance-gui\tierpsy\build\.packages\f\fluentuiplugin\latest\cache\build_8574311f\src\fluentuiplugin.dir\release\fluexpander_qml.obj
e:\mfd\tierpsy-advance-gui\tierpsy\build\.packages\f\fluentuiplugin\latest\cache\build_8574311f\src\fluentuiplugin.dir\release\fludropdownbutton_qml.obj
e:\mfd\tierpsy-advance-gui\tierpsy\build\.packages\f\fluentuiplugin\latest\cache\build_8574311f\src\fluentuiplugin.dir\release\fludivider_qml.obj
e:\mfd\tierpsy-advance-gui\tierpsy\build\.packages\f\fluentuiplugin\latest\cache\build_8574311f\src\fluentuiplugin.dir\release\fludatepicker_qml.obj
e:\mfd\tierpsy-advance-gui\tierpsy\build\.packages\f\fluentuiplugin\latest\cache\build_8574311f\src\fluentuiplugin.dir\release\flucopyabletext_qml.obj
e:\mfd\tierpsy-advance-gui\tierpsy\build\.packages\f\fluentuiplugin\latest\cache\build_8574311f\src\fluentuiplugin.dir\release\flucontrol_qml.obj
e:\mfd\tierpsy-advance-gui\tierpsy\build\.packages\f\fluentuiplugin\latest\cache\build_8574311f\src\fluentuiplugin.dir\release\flucontentpage_qml.obj
e:\mfd\tierpsy-advance-gui\tierpsy\build\.packages\f\fluentuiplugin\latest\cache\build_8574311f\src\fluentuiplugin.dir\release\flucontentdialog_qml.obj
e:\mfd\tierpsy-advance-gui\tierpsy\build\.packages\f\fluentuiplugin\latest\cache\build_8574311f\src\fluentuiplugin.dir\release\fluradiobutton_qml.obj
e:\mfd\tierpsy-advance-gui\tierpsy\build\.packages\f\fluentuiplugin\latest\cache\build_8574311f\src\fluentuiplugin.dir\release\fluqrcode_qml.obj
e:\mfd\tierpsy-advance-gui\tierpsy\build\.packages\f\fluentuiplugin\latest\cache\build_8574311f\src\fluentuiplugin.dir\release\fluprogressring_qml.obj
e:\mfd\tierpsy-advance-gui\tierpsy\build\.packages\f\fluentuiplugin\latest\cache\build_8574311f\src\fluentuiplugin.dir\release\fluprogressbar_qml.obj
e:\mfd\tierpsy-advance-gui\tierpsy\build\.packages\f\fluentuiplugin\latest\cache\build_8574311f\src\fluentuiplugin.dir\release\flupopup_qml.obj
e:\mfd\tierpsy-advance-gui\tierpsy\build\.packages\f\fluentuiplugin\latest\cache\build_8574311f\src\fluentuiplugin.dir\release\flupivotitem_qml.obj
e:\mfd\tierpsy-advance-gui\tierpsy\build\.packages\f\fluentuiplugin\latest\cache\build_8574311f\src\fluentuiplugin.dir\release\flupivot_qml.obj
e:\mfd\tierpsy-advance-gui\tierpsy\build\.packages\f\fluentuiplugin\latest\cache\build_8574311f\src\fluentuiplugin.dir\release\flupasswordbox_qml.obj
e:\mfd\tierpsy-advance-gui\tierpsy\build\.packages\f\fluentuiplugin\latest\cache\build_8574311f\src\fluentuiplugin.dir\release\flupaneitemseparator_qml.obj
e:\mfd\tierpsy-advance-gui\tierpsy\build\.packages\f\fluentuiplugin\latest\cache\build_8574311f\src\fluentuiplugin.dir\release\flupaneitemheader_qml.obj
e:\mfd\tierpsy-advance-gui\tierpsy\build\.packages\f\fluentuiplugin\latest\cache\build_8574311f\src\fluentuiplugin.dir\release\flupaneitemexpander_qml.obj
e:\mfd\tierpsy-advance-gui\tierpsy\build\.packages\f\fluentuiplugin\latest\cache\build_8574311f\src\fluentuiplugin.dir\release\flupaneitemempty_qml.obj
e:\mfd\tierpsy-advance-gui\tierpsy\build\.packages\f\fluentuiplugin\latest\cache\build_8574311f\src\fluentuiplugin.dir\release\flupaneitem_qml.obj
e:\mfd\tierpsy-advance-gui\tierpsy\build\.packages\f\fluentuiplugin\latest\cache\build_8574311f\src\fluentuiplugin.dir\release\flupagination_qml.obj
e:\mfd\tierpsy-advance-gui\tierpsy\build\.packages\f\fluentuiplugin\latest\cache\build_8574311f\src\fluentuiplugin.dir\release\flupage_qml.obj
e:\mfd\tierpsy-advance-gui\tierpsy\build\.packages\f\fluentuiplugin\latest\cache\build_8574311f\src\fluentuiplugin.dir\release\fluobject_qml.obj
e:\mfd\tierpsy-advance-gui\tierpsy\build\.packages\f\fluentuiplugin\latest\cache\build_8574311f\src\fluentuiplugin.dir\release\flunavigationview_qml.obj
e:\mfd\tierpsy-advance-gui\tierpsy\build\.packages\f\fluentuiplugin\latest\cache\build_8574311f\src\fluentuiplugin.dir\release\flumultilinetextbox_qml.obj
e:\mfd\tierpsy-advance-gui\tierpsy\build\.packages\f\fluentuiplugin\latest\cache\build_8574311f\src\fluentuiplugin.dir\release\flumenuseparator_qml.obj
e:\mfd\tierpsy-advance-gui\tierpsy\build\.packages\f\fluentuiplugin\latest\cache\build_8574311f\src\fluentuiplugin.dir\release\flumenuitem_qml.obj
e:\mfd\tierpsy-advance-gui\tierpsy\build\.packages\f\fluentuiplugin\latest\cache\build_8574311f\src\fluentuiplugin.dir\release\flutextbutton_qml.obj
e:\mfd\tierpsy-advance-gui\tierpsy\build\.packages\f\fluentuiplugin\latest\cache\build_8574311f\src\fluentuiplugin.dir\release\flutextboxmenu_qml.obj
e:\mfd\tierpsy-advance-gui\tierpsy\build\.packages\f\fluentuiplugin\latest\cache\build_8574311f\src\fluentuiplugin.dir\release\flutextboxbackground_qml.obj
e:\mfd\tierpsy-advance-gui\tierpsy\build\.packages\f\fluentuiplugin\latest\cache\build_8574311f\src\fluentuiplugin.dir\release\flutextbox_qml.obj
e:\mfd\tierpsy-advance-gui\tierpsy\build\.packages\f\fluentuiplugin\latest\cache\build_8574311f\src\fluentuiplugin.dir\release\flutext_qml.obj
e:\mfd\tierpsy-advance-gui\tierpsy\build\.packages\f\fluentuiplugin\latest\cache\build_8574311f\src\fluentuiplugin.dir\release\flutableview_qml.obj
e:\mfd\tierpsy-advance-gui\tierpsy\build\.packages\f\fluentuiplugin\latest\cache\build_8574311f\src\fluentuiplugin.dir\release\flutablemodelcolumn_qml.obj
e:\mfd\tierpsy-advance-gui\tierpsy\build\.packages\f\fluentuiplugin\latest\cache\build_8574311f\src\fluentuiplugin.dir\release\flutabview_qml.obj
e:\mfd\tierpsy-advance-gui\tierpsy\build\.packages\f\fluentuiplugin\latest\cache\build_8574311f\src\fluentuiplugin.dir\release\flustatusview_qml.obj
e:\mfd\tierpsy-advance-gui\tierpsy\build\.packages\f\fluentuiplugin\latest\cache\build_8574311f\src\fluentuiplugin.dir\release\fluspinbox_qml.obj
e:\mfd\tierpsy-advance-gui\tierpsy\build\.packages\f\fluentuiplugin\latest\cache\build_8574311f\src\fluentuiplugin.dir\release\fluslider_qml.obj
e:\mfd\tierpsy-advance-gui\tierpsy\build\.packages\f\fluentuiplugin\latest\cache\build_8574311f\src\fluentuiplugin.dir\release\flushadow_qml.obj
e:\mfd\tierpsy-advance-gui\tierpsy\build\.packages\f\fluentuiplugin\latest\cache\build_8574311f\src\fluentuiplugin.dir\release\fluscrollablepage_qml.obj
e:\mfd\tierpsy-advance-gui\tierpsy\build\.packages\f\fluentuiplugin\latest\cache\build_8574311f\src\fluentuiplugin.dir\release\fluscrollindicator_qml.obj
e:\mfd\tierpsy-advance-gui\tierpsy\build\.packages\f\fluentuiplugin\latest\cache\build_8574311f\src\fluentuiplugin.dir\release\fluscrollbar_qml.obj
e:\mfd\tierpsy-advance-gui\tierpsy\build\.packages\f\fluentuiplugin\latest\cache\build_8574311f\src\fluentuiplugin.dir\release\fluscreenshot_qml.obj
e:\mfd\tierpsy-advance-gui\tierpsy\build\.packages\f\fluentuiplugin\latest\cache\build_8574311f\src\fluentuiplugin.dir\release\fluremoteloader_qml.obj
e:\mfd\tierpsy-advance-gui\tierpsy\build\.packages\f\fluentuiplugin\latest\cache\build_8574311f\src\fluentuiplugin.dir\release\flurectangle_qml.obj
e:\mfd\tierpsy-advance-gui\tierpsy\build\.packages\f\fluentuiplugin\latest\cache\build_8574311f\src\fluentuiplugin.dir\release\fluratingcontrol_qml.obj
e:\mfd\tierpsy-advance-gui\tierpsy\build\.packages\f\fluentuiplugin\latest\cache\build_8574311f\src\fluentuiplugin.dir\release\fluradiobuttons_qml.obj
e:\mfd\tierpsy-advance-gui\tierpsy\build\.packages\f\fluentuiplugin\latest\cache\build_8574311f\src\fluentuiplugin.dir\release\mocs_compilation_release.obj
e:\mfd\tierpsy-advance-gui\tierpsy\build\.packages\f\fluentuiplugin\latest\cache\build_8574311f\src\fluentuiplugin.dir\release\qrc_fluentuiplugin_raw_qml_0.obj
e:\mfd\tierpsy-advance-gui\tierpsy\build\.packages\f\fluentuiplugin\latest\cache\build_8574311f\src\fluentuiplugin.dir\release\fluwindow_qml.obj
e:\mfd\tierpsy-advance-gui\tierpsy\build\.packages\f\fluentuiplugin\latest\cache\build_8574311f\src\fluentuiplugin.dir\release\flutreeview_qml.obj
e:\mfd\tierpsy-advance-gui\tierpsy\build\.packages\f\fluentuiplugin\latest\cache\build_8574311f\src\fluentuiplugin.dir\release\flutour_qml.obj
e:\mfd\tierpsy-advance-gui\tierpsy\build\.packages\f\fluentuiplugin\latest\cache\build_8574311f\src\fluentuiplugin.dir\release\flutooltip_qml.obj
e:\mfd\tierpsy-advance-gui\tierpsy\build\.packages\f\fluentuiplugin\latest\cache\build_8574311f\src\fluentuiplugin.dir\release\flutoggleswitch_qml.obj
e:\mfd\tierpsy-advance-gui\tierpsy\build\.packages\f\fluentuiplugin\latest\cache\build_8574311f\src\fluentuiplugin.dir\release\flutogglebutton_qml.obj
e:\mfd\tierpsy-advance-gui\tierpsy\build\.packages\f\fluentuiplugin\latest\cache\build_8574311f\src\fluentuiplugin.dir\release\flutimeline_qml.obj
e:\mfd\tierpsy-advance-gui\tierpsy\build\.packages\f\fluentuiplugin\latest\cache\build_8574311f\src\fluentuiplugin.dir\release\flutimepicker_qml.obj
e:\mfd\tierpsy-advance-gui\tierpsy\build\.packages\f\fluentuiplugin\latest\cache\build_8574311f\src\meta_types\qt6fluentuiplugin_metatypes.json.gen
e:\mfd\tierpsy-advance-gui\tierpsy\build\.packages\f\fluentuiplugin\latest\cache\build_8574311f\src\fluentuiplugin_qmltyperegistrations.cpp
c:\qt\6.5.2\msvc2019_64\qml\fluentui\plugins.qmltypes
e:\mfd\tierpsy-advance-gui\tierpsy\build\.packages\f\fluentuiplugin\latest\cache\build_8574311f\src\.rcc\qrc_qmake_fluentui.cpp
e:\mfd\tierpsy-advance-gui\tierpsy\build\.packages\f\fluentuiplugin\latest\cache\build_8574311f\src\.rcc\qmlcache\fluentuiplugin_imports\fluentui\controls\colorpicker\colorpicker_qml.cpp
e:\mfd\tierpsy-advance-gui\tierpsy\build\.packages\f\fluentuiplugin\latest\cache\build_8574311f\src\.rcc\qmlcache\fluentuiplugin_imports\fluentui\controls\colorpicker\content\checkerboard_qml.cpp
e:\mfd\tierpsy-advance-gui\tierpsy\build\.packages\f\fluentuiplugin\latest\cache\build_8574311f\src\.rcc\qmlcache\fluentuiplugin_imports\fluentui\controls\colorpicker\content\colorslider_qml.cpp
e:\mfd\tierpsy-advance-gui\tierpsy\build\.packages\f\fluentuiplugin\latest\cache\build_8574311f\src\.rcc\qmlcache\fluentuiplugin_imports\fluentui\controls\colorpicker\content\numberbox_qml.cpp
e:\mfd\tierpsy-advance-gui\tierpsy\build\.packages\f\fluentuiplugin\latest\cache\build_8574311f\src\.rcc\qmlcache\fluentuiplugin_imports\fluentui\controls\colorpicker\content\panelborder_qml.cpp
e:\mfd\tierpsy-advance-gui\tierpsy\build\.packages\f\fluentuiplugin\latest\cache\build_8574311f\src\.rcc\qmlcache\fluentuiplugin_imports\fluentui\controls\colorpicker\content\sbpicker_qml.cpp
e:\mfd\tierpsy-advance-gui\tierpsy\build\.packages\f\fluentuiplugin\latest\cache\build_8574311f\src\.rcc\qmlcache\fluentuiplugin_imports\fluentui\controls\fluacrylic_qml.cpp
e:\mfd\tierpsy-advance-gui\tierpsy\build\.packages\f\fluentuiplugin\latest\cache\build_8574311f\src\.rcc\qmlcache\fluentuiplugin_imports\fluentui\controls\fluappbar_qml.cpp
e:\mfd\tierpsy-advance-gui\tierpsy\build\.packages\f\fluentuiplugin\latest\cache\build_8574311f\src\.rcc\qmlcache\fluentuiplugin_imports\fluentui\controls\fluarea_qml.cpp
e:\mfd\tierpsy-advance-gui\tierpsy\build\.packages\f\fluentuiplugin\latest\cache\build_8574311f\src\.rcc\qmlcache\fluentuiplugin_imports\fluentui\controls\fluautosuggestbox_qml.cpp
e:\mfd\tierpsy-advance-gui\tierpsy\build\.packages\f\fluentuiplugin\latest\cache\build_8574311f\src\.rcc\qmlcache\fluentuiplugin_imports\fluentui\controls\flubadge_qml.cpp
e:\mfd\tierpsy-advance-gui\tierpsy\build\.packages\f\fluentuiplugin\latest\cache\build_8574311f\src\.rcc\qmlcache\fluentuiplugin_imports\fluentui\controls\flubreadcrumbbar_qml.cpp
e:\mfd\tierpsy-advance-gui\tierpsy\build\.packages\f\fluentuiplugin\latest\cache\build_8574311f\src\.rcc\qmlcache\fluentuiplugin_imports\fluentui\controls\flubutton_qml.cpp
e:\mfd\tierpsy-advance-gui\tierpsy\build\.packages\f\fluentuiplugin\latest\cache\build_8574311f\src\.rcc\qmlcache\fluentuiplugin_imports\fluentui\controls\flucalendarpicker_qml.cpp
e:\mfd\tierpsy-advance-gui\tierpsy\build\.packages\f\fluentuiplugin\latest\cache\build_8574311f\src\.rcc\qmlcache\fluentuiplugin_imports\fluentui\controls\flucalendarview_qml.cpp
e:\mfd\tierpsy-advance-gui\tierpsy\build\.packages\f\fluentuiplugin\latest\cache\build_8574311f\src\.rcc\qmlcache\fluentuiplugin_imports\fluentui\controls\flucarousel_qml.cpp
e:\mfd\tierpsy-advance-gui\tierpsy\build\.packages\f\fluentuiplugin\latest\cache\build_8574311f\src\.rcc\qmlcache\fluentuiplugin_imports\fluentui\controls\fluchart_qml.cpp
e:\mfd\tierpsy-advance-gui\tierpsy\build\.packages\f\fluentuiplugin\latest\cache\build_8574311f\src\.rcc\qmlcache\fluentuiplugin_imports\fluentui\controls\flucheckbox_qml.cpp
e:\mfd\tierpsy-advance-gui\tierpsy\build\.packages\f\fluentuiplugin\latest\cache\build_8574311f\src\.rcc\qmlcache\fluentuiplugin_imports\fluentui\controls\flucolorpicker_qml.cpp
e:\mfd\tierpsy-advance-gui\tierpsy\build\.packages\f\fluentuiplugin\latest\cache\build_8574311f\src\.rcc\qmlcache\fluentuiplugin_imports\fluentui\controls\flucolorview_qml.cpp
e:\mfd\tierpsy-advance-gui\tierpsy\build\.packages\f\fluentuiplugin\latest\cache\build_8574311f\src\.rcc\qmlcache\fluentuiplugin_imports\fluentui\controls\flucombobox_qml.cpp
e:\mfd\tierpsy-advance-gui\tierpsy\build\.packages\f\fluentuiplugin\latest\cache\build_8574311f\src\.rcc\qmlcache\fluentuiplugin_imports\fluentui\controls\flucontentdialog_qml.cpp
e:\mfd\tierpsy-advance-gui\tierpsy\build\.packages\f\fluentuiplugin\latest\cache\build_8574311f\src\.rcc\qmlcache\fluentuiplugin_imports\fluentui\controls\flucontentpage_qml.cpp
e:\mfd\tierpsy-advance-gui\tierpsy\build\.packages\f\fluentuiplugin\latest\cache\build_8574311f\src\.rcc\qmlcache\fluentuiplugin_imports\fluentui\controls\flucontrol_qml.cpp
e:\mfd\tierpsy-advance-gui\tierpsy\build\.packages\f\fluentuiplugin\latest\cache\build_8574311f\src\.rcc\qmlcache\fluentuiplugin_imports\fluentui\controls\flucopyabletext_qml.cpp
e:\mfd\tierpsy-advance-gui\tierpsy\build\.packages\f\fluentuiplugin\latest\cache\build_8574311f\src\.rcc\qmlcache\fluentuiplugin_imports\fluentui\controls\fludatepicker_qml.cpp
e:\mfd\tierpsy-advance-gui\tierpsy\build\.packages\f\fluentuiplugin\latest\cache\build_8574311f\src\.rcc\qmlcache\fluentuiplugin_imports\fluentui\controls\fludivider_qml.cpp
e:\mfd\tierpsy-advance-gui\tierpsy\build\.packages\f\fluentuiplugin\latest\cache\build_8574311f\src\.rcc\qmlcache\fluentuiplugin_imports\fluentui\controls\fludropdownbutton_qml.cpp
e:\mfd\tierpsy-advance-gui\tierpsy\build\.packages\f\fluentuiplugin\latest\cache\build_8574311f\src\.rcc\qmlcache\fluentuiplugin_imports\fluentui\controls\fluexpander_qml.cpp
e:\mfd\tierpsy-advance-gui\tierpsy\build\.packages\f\fluentuiplugin\latest\cache\build_8574311f\src\.rcc\qmlcache\fluentuiplugin_imports\fluentui\controls\flufilledbutton_qml.cpp
e:\mfd\tierpsy-advance-gui\tierpsy\build\.packages\f\fluentuiplugin\latest\cache\build_8574311f\src\.rcc\qmlcache\fluentuiplugin_imports\fluentui\controls\fluflipview_qml.cpp
e:\mfd\tierpsy-advance-gui\tierpsy\build\.packages\f\fluentuiplugin\latest\cache\build_8574311f\src\.rcc\qmlcache\fluentuiplugin_imports\fluentui\controls\flufocusrectangle_qml.cpp
e:\mfd\tierpsy-advance-gui\tierpsy\build\.packages\f\fluentuiplugin\latest\cache\build_8574311f\src\.rcc\qmlcache\fluentuiplugin_imports\fluentui\controls\fluicon_qml.cpp
e:\mfd\tierpsy-advance-gui\tierpsy\build\.packages\f\fluentuiplugin\latest\cache\build_8574311f\src\.rcc\qmlcache\fluentuiplugin_imports\fluentui\controls\fluiconbutton_qml.cpp
e:\mfd\tierpsy-advance-gui\tierpsy\build\.packages\f\fluentuiplugin\latest\cache\build_8574311f\src\.rcc\qmlcache\fluentuiplugin_imports\fluentui\controls\fluimage_qml.cpp
e:\mfd\tierpsy-advance-gui\tierpsy\build\.packages\f\fluentuiplugin\latest\cache\build_8574311f\src\.rcc\qmlcache\fluentuiplugin_imports\fluentui\controls\fluinfobar_qml.cpp
e:\mfd\tierpsy-advance-gui\tierpsy\build\.packages\f\fluentuiplugin\latest\cache\build_8574311f\src\.rcc\qmlcache\fluentuiplugin_imports\fluentui\controls\fluitem_qml.cpp
e:\mfd\tierpsy-advance-gui\tierpsy\build\.packages\f\fluentuiplugin\latest\cache\build_8574311f\src\.rcc\qmlcache\fluentuiplugin_imports\fluentui\controls\fluitemdelegate_qml.cpp
e:\mfd\tierpsy-advance-gui\tierpsy\build\.packages\f\fluentuiplugin\latest\cache\build_8574311f\src\.rcc\qmlcache\fluentuiplugin_imports\fluentui\controls\flumenu_qml.cpp
e:\mfd\tierpsy-advance-gui\tierpsy\build\.packages\f\fluentuiplugin\latest\cache\build_8574311f\src\.rcc\qmlcache\fluentuiplugin_imports\fluentui\controls\flumenubar_qml.cpp
e:\mfd\tierpsy-advance-gui\tierpsy\build\.packages\f\fluentuiplugin\latest\cache\build_8574311f\src\.rcc\qmlcache\fluentuiplugin_imports\fluentui\controls\flumenubaritem_qml.cpp
e:\mfd\tierpsy-advance-gui\tierpsy\build\.packages\f\fluentuiplugin\latest\cache\build_8574311f\src\.rcc\qmlcache\fluentuiplugin_imports\fluentui\controls\flumenuitem_qml.cpp
e:\mfd\tierpsy-advance-gui\tierpsy\build\.packages\f\fluentuiplugin\latest\cache\build_8574311f\src\.rcc\qmlcache\fluentuiplugin_imports\fluentui\controls\flumenuseparator_qml.cpp
e:\mfd\tierpsy-advance-gui\tierpsy\build\.packages\f\fluentuiplugin\latest\cache\build_8574311f\src\.rcc\qmlcache\fluentuiplugin_imports\fluentui\controls\flumultilinetextbox_qml.cpp
e:\mfd\tierpsy-advance-gui\tierpsy\build\.packages\f\fluentuiplugin\latest\cache\build_8574311f\src\.rcc\qmlcache\fluentuiplugin_imports\fluentui\controls\flunavigationview_qml.cpp
e:\mfd\tierpsy-advance-gui\tierpsy\build\.packages\f\fluentuiplugin\latest\cache\build_8574311f\src\.rcc\qmlcache\fluentuiplugin_imports\fluentui\controls\fluobject_qml.cpp
e:\mfd\tierpsy-advance-gui\tierpsy\build\.packages\f\fluentuiplugin\latest\cache\build_8574311f\src\.rcc\qmlcache\fluentuiplugin_imports\fluentui\controls\flupage_qml.cpp
e:\mfd\tierpsy-advance-gui\tierpsy\build\.packages\f\fluentuiplugin\latest\cache\build_8574311f\src\.rcc\qmlcache\fluentuiplugin_imports\fluentui\controls\flupagination_qml.cpp
e:\mfd\tierpsy-advance-gui\tierpsy\build\.packages\f\fluentuiplugin\latest\cache\build_8574311f\src\.rcc\qmlcache\fluentuiplugin_imports\fluentui\controls\flupaneitem_qml.cpp
e:\mfd\tierpsy-advance-gui\tierpsy\build\.packages\f\fluentuiplugin\latest\cache\build_8574311f\src\.rcc\qmlcache\fluentuiplugin_imports\fluentui\controls\flupaneitemempty_qml.cpp
e:\mfd\tierpsy-advance-gui\tierpsy\build\.packages\f\fluentuiplugin\latest\cache\build_8574311f\src\.rcc\qmlcache\fluentuiplugin_imports\fluentui\controls\flupaneitemexpander_qml.cpp
e:\mfd\tierpsy-advance-gui\tierpsy\build\.packages\f\fluentuiplugin\latest\cache\build_8574311f\src\.rcc\qmlcache\fluentuiplugin_imports\fluentui\controls\flupaneitemheader_qml.cpp
e:\mfd\tierpsy-advance-gui\tierpsy\build\.packages\f\fluentuiplugin\latest\cache\build_8574311f\src\.rcc\qmlcache\fluentuiplugin_imports\fluentui\controls\flupaneitemseparator_qml.cpp
e:\mfd\tierpsy-advance-gui\tierpsy\build\.packages\f\fluentuiplugin\latest\cache\build_8574311f\src\.rcc\qmlcache\fluentuiplugin_imports\fluentui\controls\flupasswordbox_qml.cpp
e:\mfd\tierpsy-advance-gui\tierpsy\build\.packages\f\fluentuiplugin\latest\cache\build_8574311f\src\.rcc\qmlcache\fluentuiplugin_imports\fluentui\controls\flupivot_qml.cpp
e:\mfd\tierpsy-advance-gui\tierpsy\build\.packages\f\fluentuiplugin\latest\cache\build_8574311f\src\.rcc\qmlcache\fluentuiplugin_imports\fluentui\controls\flupivotitem_qml.cpp
e:\mfd\tierpsy-advance-gui\tierpsy\build\.packages\f\fluentuiplugin\latest\cache\build_8574311f\src\.rcc\qmlcache\fluentuiplugin_imports\fluentui\controls\flupopup_qml.cpp
e:\mfd\tierpsy-advance-gui\tierpsy\build\.packages\f\fluentuiplugin\latest\cache\build_8574311f\src\.rcc\qmlcache\fluentuiplugin_imports\fluentui\controls\fluprogressbar_qml.cpp
e:\mfd\tierpsy-advance-gui\tierpsy\build\.packages\f\fluentuiplugin\latest\cache\build_8574311f\src\.rcc\qmlcache\fluentuiplugin_imports\fluentui\controls\fluprogressring_qml.cpp
e:\mfd\tierpsy-advance-gui\tierpsy\build\.packages\f\fluentuiplugin\latest\cache\build_8574311f\src\.rcc\qmlcache\fluentuiplugin_imports\fluentui\controls\fluqrcode_qml.cpp
e:\mfd\tierpsy-advance-gui\tierpsy\build\.packages\f\fluentuiplugin\latest\cache\build_8574311f\src\.rcc\qmlcache\fluentuiplugin_imports\fluentui\controls\fluradiobutton_qml.cpp
e:\mfd\tierpsy-advance-gui\tierpsy\build\.packages\f\fluentuiplugin\latest\cache\build_8574311f\src\.rcc\qmlcache\fluentuiplugin_imports\fluentui\controls\fluradiobuttons_qml.cpp
e:\mfd\tierpsy-advance-gui\tierpsy\build\.packages\f\fluentuiplugin\latest\cache\build_8574311f\src\.rcc\qmlcache\fluentuiplugin_imports\fluentui\controls\fluratingcontrol_qml.cpp
e:\mfd\tierpsy-advance-gui\tierpsy\build\.packages\f\fluentuiplugin\latest\cache\build_8574311f\src\.rcc\qmlcache\fluentuiplugin_imports\fluentui\controls\flurectangle_qml.cpp
e:\mfd\tierpsy-advance-gui\tierpsy\build\.packages\f\fluentuiplugin\latest\cache\build_8574311f\src\.rcc\qmlcache\fluentuiplugin_imports\fluentui\controls\fluremoteloader_qml.cpp
e:\mfd\tierpsy-advance-gui\tierpsy\build\.packages\f\fluentuiplugin\latest\cache\build_8574311f\src\.rcc\qmlcache\fluentuiplugin_imports\fluentui\controls\fluscreenshot_qml.cpp
e:\mfd\tierpsy-advance-gui\tierpsy\build\.packages\f\fluentuiplugin\latest\cache\build_8574311f\src\.rcc\qmlcache\fluentuiplugin_imports\fluentui\controls\fluscrollbar_qml.cpp
e:\mfd\tierpsy-advance-gui\tierpsy\build\.packages\f\fluentuiplugin\latest\cache\build_8574311f\src\.rcc\qmlcache\fluentuiplugin_imports\fluentui\controls\fluscrollindicator_qml.cpp
e:\mfd\tierpsy-advance-gui\tierpsy\build\.packages\f\fluentuiplugin\latest\cache\build_8574311f\src\.rcc\qmlcache\fluentuiplugin_imports\fluentui\controls\fluscrollablepage_qml.cpp
e:\mfd\tierpsy-advance-gui\tierpsy\build\.packages\f\fluentuiplugin\latest\cache\build_8574311f\src\.rcc\qmlcache\fluentuiplugin_imports\fluentui\controls\flushadow_qml.cpp
e:\mfd\tierpsy-advance-gui\tierpsy\build\.packages\f\fluentuiplugin\latest\cache\build_8574311f\src\.rcc\qmlcache\fluentuiplugin_imports\fluentui\controls\fluslider_qml.cpp
e:\mfd\tierpsy-advance-gui\tierpsy\build\.packages\f\fluentuiplugin\latest\cache\build_8574311f\src\.rcc\qmlcache\fluentuiplugin_imports\fluentui\controls\fluspinbox_qml.cpp
e:\mfd\tierpsy-advance-gui\tierpsy\build\.packages\f\fluentuiplugin\latest\cache\build_8574311f\src\.rcc\qmlcache\fluentuiplugin_imports\fluentui\controls\flustatusview_qml.cpp
e:\mfd\tierpsy-advance-gui\tierpsy\build\.packages\f\fluentuiplugin\latest\cache\build_8574311f\src\.rcc\qmlcache\fluentuiplugin_imports\fluentui\controls\flutabview_qml.cpp
e:\mfd\tierpsy-advance-gui\tierpsy\build\.packages\f\fluentuiplugin\latest\cache\build_8574311f\src\.rcc\qmlcache\fluentuiplugin_imports\fluentui\controls\flutablemodelcolumn_qml.cpp
e:\mfd\tierpsy-advance-gui\tierpsy\build\.packages\f\fluentuiplugin\latest\cache\build_8574311f\src\.rcc\qmlcache\fluentuiplugin_imports\fluentui\controls\flutableview_qml.cpp
e:\mfd\tierpsy-advance-gui\tierpsy\build\.packages\f\fluentuiplugin\latest\cache\build_8574311f\src\.rcc\qmlcache\fluentuiplugin_imports\fluentui\controls\flutext_qml.cpp
e:\mfd\tierpsy-advance-gui\tierpsy\build\.packages\f\fluentuiplugin\latest\cache\build_8574311f\src\.rcc\qmlcache\fluentuiplugin_imports\fluentui\controls\flutextbox_qml.cpp
e:\mfd\tierpsy-advance-gui\tierpsy\build\.packages\f\fluentuiplugin\latest\cache\build_8574311f\src\.rcc\qmlcache\fluentuiplugin_imports\fluentui\controls\flutextboxbackground_qml.cpp
e:\mfd\tierpsy-advance-gui\tierpsy\build\.packages\f\fluentuiplugin\latest\cache\build_8574311f\src\.rcc\qmlcache\fluentuiplugin_imports\fluentui\controls\flutextboxmenu_qml.cpp
e:\mfd\tierpsy-advance-gui\tierpsy\build\.packages\f\fluentuiplugin\latest\cache\build_8574311f\src\.rcc\qmlcache\fluentuiplugin_imports\fluentui\controls\flutextbutton_qml.cpp
e:\mfd\tierpsy-advance-gui\tierpsy\build\.packages\f\fluentuiplugin\latest\cache\build_8574311f\src\.rcc\qmlcache\fluentuiplugin_imports\fluentui\controls\flutimepicker_qml.cpp
e:\mfd\tierpsy-advance-gui\tierpsy\build\.packages\f\fluentuiplugin\latest\cache\build_8574311f\src\.rcc\qmlcache\fluentuiplugin_imports\fluentui\controls\flutimeline_qml.cpp
e:\mfd\tierpsy-advance-gui\tierpsy\build\.packages\f\fluentuiplugin\latest\cache\build_8574311f\src\.rcc\qmlcache\fluentuiplugin_imports\fluentui\controls\flutogglebutton_qml.cpp
e:\mfd\tierpsy-advance-gui\tierpsy\build\.packages\f\fluentuiplugin\latest\cache\build_8574311f\src\.rcc\qmlcache\fluentuiplugin_imports\fluentui\controls\flutoggleswitch_qml.cpp
e:\mfd\tierpsy-advance-gui\tierpsy\build\.packages\f\fluentuiplugin\latest\cache\build_8574311f\src\.rcc\qmlcache\fluentuiplugin_imports\fluentui\controls\flutooltip_qml.cpp
e:\mfd\tierpsy-advance-gui\tierpsy\build\.packages\f\fluentuiplugin\latest\cache\build_8574311f\src\.rcc\qmlcache\fluentuiplugin_imports\fluentui\controls\flutour_qml.cpp
e:\mfd\tierpsy-advance-gui\tierpsy\build\.packages\f\fluentuiplugin\latest\cache\build_8574311f\src\.rcc\qmlcache\fluentuiplugin_imports\fluentui\controls\flutreeview_qml.cpp
e:\mfd\tierpsy-advance-gui\tierpsy\build\.packages\f\fluentuiplugin\latest\cache\build_8574311f\src\.rcc\qmlcache\fluentuiplugin_imports\fluentui\controls\fluwindow_qml.cpp
e:\mfd\tierpsy-advance-gui\tierpsy\build\.packages\f\fluentuiplugin\latest\cache\build_8574311f\src\.rcc\qrc_fluentuiplugin_raw_qml_0.cpp
e:\mfd\tierpsy-advance-gui\tierpsy\build\.packages\f\fluentuiplugin\latest\cache\build_8574311f\src\cmakefiles\generate.stamp
c:\qt\6.5.2\msvc2019_64\qml\fluentui\release\fluentuiplugin.dll
c:\qt\6.5.2\msvc2019_64\qml\fluentui\release\fluentuiplugin.lib
c:\qt\6.5.2\msvc2019_64\qml\fluentui\release\fluentuiplugin.exp
e:\mfd\tierpsy-advance-gui\tierpsy\build\.packages\f\fluentuiplugin\latest\cache\build_8574311f\src\fluentuiplugin.dir\release\version_fluentuiplugin.res
e:\mfd\tierpsy-advance-gui\tierpsy\build\.packages\f\fluentuiplugin\latest\cache\build_8574311f\src\fluentuiplugin.dir\release\fluentuiplugin.tlog\cl.command.1.tlog
e:\mfd\tierpsy-advance-gui\tierpsy\build\.packages\f\fluentuiplugin\latest\cache\build_8574311f\src\fluentuiplugin.dir\release\fluentuiplugin.tlog\cl.read.1.tlog
e:\mfd\tierpsy-advance-gui\tierpsy\build\.packages\f\fluentuiplugin\latest\cache\build_8574311f\src\fluentuiplugin.dir\release\fluentuiplugin.tlog\cl.write.1.tlog
e:\mfd\tierpsy-advance-gui\tierpsy\build\.packages\f\fluentuiplugin\latest\cache\build_8574311f\src\fluentuiplugin.dir\release\fluentuiplugin.tlog\custombuild.command.1.tlog
e:\mfd\tierpsy-advance-gui\tierpsy\build\.packages\f\fluentuiplugin\latest\cache\build_8574311f\src\fluentuiplugin.dir\release\fluentuiplugin.tlog\custombuild.read.1.tlog
e:\mfd\tierpsy-advance-gui\tierpsy\build\.packages\f\fluentuiplugin\latest\cache\build_8574311f\src\fluentuiplugin.dir\release\fluentuiplugin.tlog\custombuild.write.1.tlog
e:\mfd\tierpsy-advance-gui\tierpsy\build\.packages\f\fluentuiplugin\latest\cache\build_8574311f\src\fluentuiplugin.dir\release\fluentuiplugin.tlog\link.command.1.tlog
e:\mfd\tierpsy-advance-gui\tierpsy\build\.packages\f\fluentuiplugin\latest\cache\build_8574311f\src\fluentuiplugin.dir\release\fluentuiplugin.tlog\link.read.1.tlog
e:\mfd\tierpsy-advance-gui\tierpsy\build\.packages\f\fluentuiplugin\latest\cache\build_8574311f\src\fluentuiplugin.dir\release\fluentuiplugin.tlog\link.write.1.tlog
e:\mfd\tierpsy-advance-gui\tierpsy\build\.packages\f\fluentuiplugin\latest\cache\build_8574311f\src\fluentuiplugin.dir\release\fluentuiplugin.tlog\link.write.2u.tlog
e:\mfd\tierpsy-advance-gui\tierpsy\build\.packages\f\fluentuiplugin\latest\cache\build_8574311f\src\fluentuiplugin.dir\release\fluentuiplugin.tlog\rc.command.1.tlog
e:\mfd\tierpsy-advance-gui\tierpsy\build\.packages\f\fluentuiplugin\latest\cache\build_8574311f\src\fluentuiplugin.dir\release\fluentuiplugin.tlog\rc.read.1.tlog
e:\mfd\tierpsy-advance-gui\tierpsy\build\.packages\f\fluentuiplugin\latest\cache\build_8574311f\src\fluentuiplugin.dir\release\fluentuiplugin.tlog\rc.write.1.tlog
