e:\mfd\tierpsy-advance-gui\tierpsy\build\.packages\f\fluentuiplugin\latest\cache\build_8574311f\framelesshelper\src\core\core.dir\release\mocs_compilation_release.obj
e:\mfd\tierpsy-advance-gui\tierpsy\build\.packages\f\fluentuiplugin\latest\cache\build_8574311f\framelesshelper\src\core\core.dir\release\platformsupport_win.obj
e:\mfd\tierpsy-advance-gui\tierpsy\build\.packages\f\fluentuiplugin\latest\cache\build_8574311f\framelesshelper\src\core\core.dir\release\winverhelper.obj
e:\mfd\tierpsy-advance-gui\tierpsy\build\.packages\f\fluentuiplugin\latest\cache\build_8574311f\framelesshelper\src\core\core.dir\release\framelesshelper_win.obj
e:\mfd\tierpsy-advance-gui\tierpsy\build\.packages\f\fluentuiplugin\latest\cache\build_8574311f\framelesshelper\src\core\core.dir\release\utils_win.obj
e:\mfd\tierpsy-advance-gui\tierpsy\build\.packages\f\fluentuiplugin\latest\cache\build_8574311f\framelesshelper\src\core\core.dir\release\registrykey.obj
e:\mfd\tierpsy-advance-gui\tierpsy\build\.packages\f\fluentuiplugin\latest\cache\build_8574311f\framelesshelper\src\core\core.dir\release\windowborderpainter.obj
e:\mfd\tierpsy-advance-gui\tierpsy\build\.packages\f\fluentuiplugin\latest\cache\build_8574311f\framelesshelper\src\core\core.dir\release\micamaterial.obj
e:\mfd\tierpsy-advance-gui\tierpsy\build\.packages\f\fluentuiplugin\latest\cache\build_8574311f\framelesshelper\src\core\core.dir\release\framelesshelpercore_global.obj
e:\mfd\tierpsy-advance-gui\tierpsy\build\.packages\f\fluentuiplugin\latest\cache\build_8574311f\framelesshelper\src\core\core.dir\release\chromepalette.obj
e:\mfd\tierpsy-advance-gui\tierpsy\build\.packages\f\fluentuiplugin\latest\cache\build_8574311f\framelesshelper\src\core\core.dir\release\sysapiloader.obj
e:\mfd\tierpsy-advance-gui\tierpsy\build\.packages\f\fluentuiplugin\latest\cache\build_8574311f\framelesshelper\src\core\core.dir\release\framelessconfig.obj
e:\mfd\tierpsy-advance-gui\tierpsy\build\.packages\f\fluentuiplugin\latest\cache\build_8574311f\framelesshelper\src\core\core.dir\release\framelessmanager.obj
e:\mfd\tierpsy-advance-gui\tierpsy\build\.packages\f\fluentuiplugin\latest\cache\build_8574311f\framelesshelper\src\core\core.dir\release\framelesshelper_qt.obj
e:\mfd\tierpsy-advance-gui\tierpsy\build\.packages\f\fluentuiplugin\latest\cache\build_8574311f\framelesshelper\src\core\core.dir\release\utils.obj
e:\mfd\tierpsy-advance-gui\tierpsy\build\.packages\f\fluentuiplugin\latest\cache\build_8574311f\framelesshelper\src\core\cmakefiles\generate.stamp
e:\mfd\tierpsy-advance-gui\tierpsy\build\.packages\f\fluentuiplugin\latest\cache\build_8574311f\framelesshelper\lib64\release\framelesshelpercore.lib
e:\mfd\tierpsy-advance-gui\tierpsy\build\.packages\f\fluentuiplugin\latest\cache\build_8574311f\framelesshelper\src\core\core.dir\release\core.tlog\cl.command.1.tlog
e:\mfd\tierpsy-advance-gui\tierpsy\build\.packages\f\fluentuiplugin\latest\cache\build_8574311f\framelesshelper\src\core\core.dir\release\core.tlog\cl.read.1.tlog
e:\mfd\tierpsy-advance-gui\tierpsy\build\.packages\f\fluentuiplugin\latest\cache\build_8574311f\framelesshelper\src\core\core.dir\release\core.tlog\cl.write.1.tlog
e:\mfd\tierpsy-advance-gui\tierpsy\build\.packages\f\fluentuiplugin\latest\cache\build_8574311f\framelesshelper\src\core\core.dir\release\core.tlog\custombuild.command.1.tlog
e:\mfd\tierpsy-advance-gui\tierpsy\build\.packages\f\fluentuiplugin\latest\cache\build_8574311f\framelesshelper\src\core\core.dir\release\core.tlog\custombuild.read.1.tlog
e:\mfd\tierpsy-advance-gui\tierpsy\build\.packages\f\fluentuiplugin\latest\cache\build_8574311f\framelesshelper\src\core\core.dir\release\core.tlog\custombuild.write.1.tlog
e:\mfd\tierpsy-advance-gui\tierpsy\build\.packages\f\fluentuiplugin\latest\cache\build_8574311f\framelesshelper\src\core\core.dir\release\core.tlog\lib-link.read.1.tlog
e:\mfd\tierpsy-advance-gui\tierpsy\build\.packages\f\fluentuiplugin\latest\cache\build_8574311f\framelesshelper\src\core\core.dir\release\core.tlog\lib-link.write.1.tlog
e:\mfd\tierpsy-advance-gui\tierpsy\build\.packages\f\fluentuiplugin\latest\cache\build_8574311f\framelesshelper\src\core\core.dir\release\core.tlog\lib.command.1.tlog
