e:\mfd\tierpsy-advance-gui\tierpsy\build\.packages\f\fluentuiplugin\latest\cache\build_8574311f\zxing-cpp\core\zxing.dir\release\azwriter.obj
e:\mfd\tierpsy-advance-gui\tierpsy\build\.packages\f\fluentuiplugin\latest\cache\build_8574311f\zxing-cpp\core\zxing.dir\release\aztoken.obj
e:\mfd\tierpsy-advance-gui\tierpsy\build\.packages\f\fluentuiplugin\latest\cache\build_8574311f\zxing-cpp\core\zxing.dir\release\azhighlevelencoder.obj
e:\mfd\tierpsy-advance-gui\tierpsy\build\.packages\f\fluentuiplugin\latest\cache\build_8574311f\zxing-cpp\core\zxing.dir\release\azencoder.obj
e:\mfd\tierpsy-advance-gui\tierpsy\build\.packages\f\fluentuiplugin\latest\cache\build_8574311f\zxing-cpp\core\zxing.dir\release\multiformatwriter.obj
e:\mfd\tierpsy-advance-gui\tierpsy\build\.packages\f\fluentuiplugin\latest\cache\build_8574311f\zxing-cpp\core\zxing.dir\release\textencoder.obj
e:\mfd\tierpsy-advance-gui\tierpsy\build\.packages\f\fluentuiplugin\latest\cache\build_8574311f\zxing-cpp\core\zxing.dir\release\reedsolomonencoder.obj
e:\mfd\tierpsy-advance-gui\tierpsy\build\.packages\f\fluentuiplugin\latest\cache\build_8574311f\zxing-cpp\core\zxing.dir\release\zxbiginteger.obj
e:\mfd\tierpsy-advance-gui\tierpsy\build\.packages\f\fluentuiplugin\latest\cache\build_8574311f\zxing-cpp\core\zxing.dir\release\utf.obj
e:\mfd\tierpsy-advance-gui\tierpsy\build\.packages\f\fluentuiplugin\latest\cache\build_8574311f\zxing-cpp\core\zxing.dir\release\textutfencoding.obj
e:\mfd\tierpsy-advance-gui\tierpsy\build\.packages\f\fluentuiplugin\latest\cache\build_8574311f\zxing-cpp\core\zxing.dir\release\gtin.obj
e:\mfd\tierpsy-advance-gui\tierpsy\build\.packages\f\fluentuiplugin\latest\cache\build_8574311f\zxing-cpp\core\zxing.dir\release\genericgfpoly.obj
e:\mfd\tierpsy-advance-gui\tierpsy\build\.packages\f\fluentuiplugin\latest\cache\build_8574311f\zxing-cpp\core\zxing.dir\release\genericgf.obj
e:\mfd\tierpsy-advance-gui\tierpsy\build\.packages\f\fluentuiplugin\latest\cache\build_8574311f\zxing-cpp\core\zxing.dir\release\eci.obj
e:\mfd\tierpsy-advance-gui\tierpsy\build\.packages\f\fluentuiplugin\latest\cache\build_8574311f\zxing-cpp\core\zxing.dir\release\concentricfinder.obj
e:\mfd\tierpsy-advance-gui\tierpsy\build\.packages\f\fluentuiplugin\latest\cache\build_8574311f\zxing-cpp\core\zxing.dir\release\characterset.obj
e:\mfd\tierpsy-advance-gui\tierpsy\build\.packages\f\fluentuiplugin\latest\cache\build_8574311f\zxing-cpp\core\zxing.dir\release\bitmatrixio.obj
e:\mfd\tierpsy-advance-gui\tierpsy\build\.packages\f\fluentuiplugin\latest\cache\build_8574311f\zxing-cpp\core\zxing.dir\release\bitmatrix.obj
e:\mfd\tierpsy-advance-gui\tierpsy\build\.packages\f\fluentuiplugin\latest\cache\build_8574311f\zxing-cpp\core\zxing.dir\release\bitarray.obj
e:\mfd\tierpsy-advance-gui\tierpsy\build\.packages\f\fluentuiplugin\latest\cache\build_8574311f\zxing-cpp\core\zxing.dir\release\barcodeformat.obj
e:\mfd\tierpsy-advance-gui\tierpsy\build\.packages\f\fluentuiplugin\latest\cache\build_8574311f\zxing-cpp\core\zxing.dir\release\pdfhighlevelencoder.obj
e:\mfd\tierpsy-advance-gui\tierpsy\build\.packages\f\fluentuiplugin\latest\cache\build_8574311f\zxing-cpp\core\zxing.dir\release\pdfencoder.obj
e:\mfd\tierpsy-advance-gui\tierpsy\build\.packages\f\fluentuiplugin\latest\cache\build_8574311f\zxing-cpp\core\zxing.dir\release\odwriterhelper.obj
e:\mfd\tierpsy-advance-gui\tierpsy\build\.packages\f\fluentuiplugin\latest\cache\build_8574311f\zxing-cpp\core\zxing.dir\release\odupcawriter.obj
e:\mfd\tierpsy-advance-gui\tierpsy\build\.packages\f\fluentuiplugin\latest\cache\build_8574311f\zxing-cpp\core\zxing.dir\release\odupcewriter.obj
e:\mfd\tierpsy-advance-gui\tierpsy\build\.packages\f\fluentuiplugin\latest\cache\build_8574311f\zxing-cpp\core\zxing.dir\release\oditfwriter.obj
e:\mfd\tierpsy-advance-gui\tierpsy\build\.packages\f\fluentuiplugin\latest\cache\build_8574311f\zxing-cpp\core\zxing.dir\release\odean13writer.obj
e:\mfd\tierpsy-advance-gui\tierpsy\build\.packages\f\fluentuiplugin\latest\cache\build_8574311f\zxing-cpp\core\zxing.dir\release\odean8writer.obj
e:\mfd\tierpsy-advance-gui\tierpsy\build\.packages\f\fluentuiplugin\latest\cache\build_8574311f\zxing-cpp\core\zxing.dir\release\odcode128writer.obj
e:\mfd\tierpsy-advance-gui\tierpsy\build\.packages\f\fluentuiplugin\latest\cache\build_8574311f\zxing-cpp\core\zxing.dir\release\odcode93writer.obj
e:\mfd\tierpsy-advance-gui\tierpsy\build\.packages\f\fluentuiplugin\latest\cache\build_8574311f\zxing-cpp\core\zxing.dir\release\odcode39writer.obj
e:\mfd\tierpsy-advance-gui\tierpsy\build\.packages\f\fluentuiplugin\latest\cache\build_8574311f\zxing-cpp\core\zxing.dir\release\odcodabarwriter.obj
e:\mfd\tierpsy-advance-gui\tierpsy\build\.packages\f\fluentuiplugin\latest\cache\build_8574311f\zxing-cpp\core\zxing.dir\release\odcode128patterns.obj
e:\mfd\tierpsy-advance-gui\tierpsy\build\.packages\f\fluentuiplugin\latest\cache\build_8574311f\zxing-cpp\core\zxing.dir\release\odupceancommon.obj
e:\mfd\tierpsy-advance-gui\tierpsy\build\.packages\f\fluentuiplugin\latest\cache\build_8574311f\zxing-cpp\core\zxing.dir\release\dmwriter.obj
e:\mfd\tierpsy-advance-gui\tierpsy\build\.packages\f\fluentuiplugin\latest\cache\build_8574311f\zxing-cpp\core\zxing.dir\release\dmsymbolinfo.obj
e:\mfd\tierpsy-advance-gui\tierpsy\build\.packages\f\fluentuiplugin\latest\cache\build_8574311f\zxing-cpp\core\zxing.dir\release\dmhighlevelencoder.obj
e:\mfd\tierpsy-advance-gui\tierpsy\build\.packages\f\fluentuiplugin\latest\cache\build_8574311f\zxing-cpp\core\zxing.dir\release\dmecencoder.obj
e:\mfd\tierpsy-advance-gui\tierpsy\build\.packages\f\fluentuiplugin\latest\cache\build_8574311f\zxing-cpp\core\zxing.dir\release\dmversion.obj
e:\mfd\tierpsy-advance-gui\tierpsy\build\.packages\f\fluentuiplugin\latest\cache\build_8574311f\zxing-cpp\core\zxing.dir\release\dmbitlayout.obj
e:\mfd\tierpsy-advance-gui\tierpsy\build\.packages\f\fluentuiplugin\latest\cache\build_8574311f\zxing-cpp\core\zxing.dir\release\qrwriter.obj
e:\mfd\tierpsy-advance-gui\tierpsy\build\.packages\f\fluentuiplugin\latest\cache\build_8574311f\zxing-cpp\core\zxing.dir\release\qrmatrixutil.obj
e:\mfd\tierpsy-advance-gui\tierpsy\build\.packages\f\fluentuiplugin\latest\cache\build_8574311f\zxing-cpp\core\zxing.dir\release\qrmaskutil.obj
e:\mfd\tierpsy-advance-gui\tierpsy\build\.packages\f\fluentuiplugin\latest\cache\build_8574311f\zxing-cpp\core\zxing.dir\release\qrencoder.obj
e:\mfd\tierpsy-advance-gui\tierpsy\build\.packages\f\fluentuiplugin\latest\cache\build_8574311f\zxing-cpp\core\zxing.dir\release\qrversion.obj
e:\mfd\tierpsy-advance-gui\tierpsy\build\.packages\f\fluentuiplugin\latest\cache\build_8574311f\zxing-cpp\core\zxing.dir\release\qrerrorcorrectionlevel.obj
e:\mfd\tierpsy-advance-gui\tierpsy\build\.packages\f\fluentuiplugin\latest\cache\build_8574311f\zxing-cpp\core\zxing.dir\release\qrcodecmode.obj
e:\mfd\tierpsy-advance-gui\tierpsy\build\.packages\f\fluentuiplugin\latest\cache\build_8574311f\zxing-cpp\core\zxing.dir\release\pdfwriter.obj
e:\mfd\tierpsy-advance-gui\tierpsy\build\.packages\f\fluentuiplugin\latest\cache\build_8574311f\zxing-cpp\core\zxing.dir\release\zueci.obj
e:\mfd\tierpsy-advance-gui\tierpsy\build\.packages\f\fluentuiplugin\latest\cache\build_8574311f\zxing-cpp\core\cmakefiles\generate.stamp
e:\mfd\tierpsy-advance-gui\tierpsy\build\.packages\f\fluentuiplugin\latest\cache\build_8574311f\zxing-cpp\core\release\zxing.lib
e:\mfd\tierpsy-advance-gui\tierpsy\build\.packages\f\fluentuiplugin\latest\cache\build_8574311f\zxing-cpp\core\zxing.dir\release\zxing.tlog\cl.command.1.tlog
e:\mfd\tierpsy-advance-gui\tierpsy\build\.packages\f\fluentuiplugin\latest\cache\build_8574311f\zxing-cpp\core\zxing.dir\release\zxing.tlog\cl.read.1.tlog
e:\mfd\tierpsy-advance-gui\tierpsy\build\.packages\f\fluentuiplugin\latest\cache\build_8574311f\zxing-cpp\core\zxing.dir\release\zxing.tlog\cl.write.1.tlog
e:\mfd\tierpsy-advance-gui\tierpsy\build\.packages\f\fluentuiplugin\latest\cache\build_8574311f\zxing-cpp\core\zxing.dir\release\zxing.tlog\custombuild.command.1.tlog
e:\mfd\tierpsy-advance-gui\tierpsy\build\.packages\f\fluentuiplugin\latest\cache\build_8574311f\zxing-cpp\core\zxing.dir\release\zxing.tlog\custombuild.read.1.tlog
e:\mfd\tierpsy-advance-gui\tierpsy\build\.packages\f\fluentuiplugin\latest\cache\build_8574311f\zxing-cpp\core\zxing.dir\release\zxing.tlog\custombuild.write.1.tlog
e:\mfd\tierpsy-advance-gui\tierpsy\build\.packages\f\fluentuiplugin\latest\cache\build_8574311f\zxing-cpp\core\zxing.dir\release\zxing.tlog\lib-link.read.1.tlog
e:\mfd\tierpsy-advance-gui\tierpsy\build\.packages\f\fluentuiplugin\latest\cache\build_8574311f\zxing-cpp\core\zxing.dir\release\zxing.tlog\lib-link.write.1.tlog
e:\mfd\tierpsy-advance-gui\tierpsy\build\.packages\f\fluentuiplugin\latest\cache\build_8574311f\zxing-cpp\core\zxing.dir\release\zxing.tlog\lib.command.1.tlog
