e:\mfd\tierpsy-advance-gui\tierpsy\build\.packages\f\fluentuiplugin\latest\cache\build_8574311f\framelesshelper\src\quick\quick.dir\release\mocs_compilation_release.obj
e:\mfd\tierpsy-advance-gui\tierpsy\build\.packages\f\fluentuiplugin\latest\cache\build_8574311f\framelesshelper\src\quick\quick.dir\release\quickwindowborder.obj
e:\mfd\tierpsy-advance-gui\tierpsy\build\.packages\f\fluentuiplugin\latest\cache\build_8574311f\framelesshelper\src\quick\quick.dir\release\quickimageitem.obj
e:\mfd\tierpsy-advance-gui\tierpsy\build\.packages\f\fluentuiplugin\latest\cache\build_8574311f\framelesshelper\src\quick\quick.dir\release\quickmicamaterial.obj
e:\mfd\tierpsy-advance-gui\tierpsy\build\.packages\f\fluentuiplugin\latest\cache\build_8574311f\framelesshelper\src\quick\quick.dir\release\framelesshelperquick_global.obj
e:\mfd\tierpsy-advance-gui\tierpsy\build\.packages\f\fluentuiplugin\latest\cache\build_8574311f\framelesshelper\src\quick\quick.dir\release\quickchromepalette.obj
e:\mfd\tierpsy-advance-gui\tierpsy\build\.packages\f\fluentuiplugin\latest\cache\build_8574311f\framelesshelper\src\quick\quick.dir\release\framelessquickhelper.obj
e:\mfd\tierpsy-advance-gui\tierpsy\build\.packages\f\fluentuiplugin\latest\cache\build_8574311f\framelesshelper\src\quick\quick.dir\release\framelessquickapplicationwindow.obj
e:\mfd\tierpsy-advance-gui\tierpsy\build\.packages\f\fluentuiplugin\latest\cache\build_8574311f\framelesshelper\src\quick\quick.dir\release\framelessquickwindow.obj
e:\mfd\tierpsy-advance-gui\tierpsy\build\.packages\f\fluentuiplugin\latest\cache\build_8574311f\framelesshelper\src\quick\quick.dir\release\framelessquickmodule.obj
e:\mfd\tierpsy-advance-gui\tierpsy\build\.packages\f\fluentuiplugin\latest\cache\build_8574311f\framelesshelper\src\quick\quick.dir\release\framelessquickutils.obj
e:\mfd\tierpsy-advance-gui\tierpsy\build\.packages\f\fluentuiplugin\latest\cache\build_8574311f\framelesshelper\src\quick\quick.dir\release\quickstandardtitlebar.obj
e:\mfd\tierpsy-advance-gui\tierpsy\build\.packages\f\fluentuiplugin\latest\cache\build_8574311f\framelesshelper\src\quick\quick.dir\release\quickstandardsystembutton.obj
e:\mfd\tierpsy-advance-gui\tierpsy\build\.packages\f\fluentuiplugin\latest\cache\build_8574311f\framelesshelper\src\quick\quick.dir\release\quick_qmltyperegistrations.obj
e:\mfd\tierpsy-advance-gui\tierpsy\build\.packages\f\fluentuiplugin\latest\cache\build_8574311f\framelesshelper\src\quick\meta_types\qt6quick_metatypes.json.gen
e:\mfd\tierpsy-advance-gui\tierpsy\build\.packages\f\fluentuiplugin\latest\cache\build_8574311f\framelesshelper\src\quick\quick_qmltyperegistrations.cpp
e:\mfd\tierpsy-advance-gui\tierpsy\build\.packages\f\fluentuiplugin\latest\cache\build_8574311f\framelesshelper\imports\org\wangwenx190\framelesshelper\quick.qmltypes
e:\mfd\tierpsy-advance-gui\tierpsy\build\.packages\f\fluentuiplugin\latest\cache\build_8574311f\framelesshelper\src\quick\cmakefiles\generate.stamp
e:\mfd\tierpsy-advance-gui\tierpsy\build\.packages\f\fluentuiplugin\latest\cache\build_8574311f\framelesshelper\lib64\release\framelesshelperquick.lib
e:\mfd\tierpsy-advance-gui\tierpsy\build\.packages\f\fluentuiplugin\latest\cache\build_8574311f\framelesshelper\src\quick\quick.dir\release\quick.tlog\cl.command.1.tlog
e:\mfd\tierpsy-advance-gui\tierpsy\build\.packages\f\fluentuiplugin\latest\cache\build_8574311f\framelesshelper\src\quick\quick.dir\release\quick.tlog\cl.read.1.tlog
e:\mfd\tierpsy-advance-gui\tierpsy\build\.packages\f\fluentuiplugin\latest\cache\build_8574311f\framelesshelper\src\quick\quick.dir\release\quick.tlog\cl.write.1.tlog
e:\mfd\tierpsy-advance-gui\tierpsy\build\.packages\f\fluentuiplugin\latest\cache\build_8574311f\framelesshelper\src\quick\quick.dir\release\quick.tlog\custombuild.command.1.tlog
e:\mfd\tierpsy-advance-gui\tierpsy\build\.packages\f\fluentuiplugin\latest\cache\build_8574311f\framelesshelper\src\quick\quick.dir\release\quick.tlog\custombuild.read.1.tlog
e:\mfd\tierpsy-advance-gui\tierpsy\build\.packages\f\fluentuiplugin\latest\cache\build_8574311f\framelesshelper\src\quick\quick.dir\release\quick.tlog\custombuild.write.1.tlog
e:\mfd\tierpsy-advance-gui\tierpsy\build\.packages\f\fluentuiplugin\latest\cache\build_8574311f\framelesshelper\src\quick\quick.dir\release\quick.tlog\lib-link.read.1.tlog
e:\mfd\tierpsy-advance-gui\tierpsy\build\.packages\f\fluentuiplugin\latest\cache\build_8574311f\framelesshelper\src\quick\quick.dir\release\quick.tlog\lib-link.write.1.tlog
e:\mfd\tierpsy-advance-gui\tierpsy\build\.packages\f\fluentuiplugin\latest\cache\build_8574311f\framelesshelper\src\quick\quick.dir\release\quick.tlog\lib.command.1.tlog
